{"/Users/han-yeongsu/react-native-responsive-fontSize/index.js": {"path":"/Users/han-yeongsu/react-native-responsive-fontSize/index.js","statementMap":{"0":{"start":{"line":5,"column":28},"end":{"line":5,"column":52}},"1":{"start":{"line":6,"column":25},"end":{"line":6,"column":56}},"2":{"start":{"line":8,"column":4},"end":{"line":8,"column":77}},"3":{"start":{"line":11,"column":4},"end":{"line":13,"column":22}},"4":{"start":{"line":15,"column":24},"end":{"line":15,"column":54}},"5":{"start":{"line":16,"column":2},"end":{"line":16,"column":35}},"6":{"start":{"line":21,"column":28},"end":{"line":21,"column":52}},"7":{"start":{"line":22,"column":25},"end":{"line":22,"column":56}},"8":{"start":{"line":24,"column":4},"end":{"line":24,"column":77}},"9":{"start":{"line":27,"column":4},"end":{"line":29,"column":22}},"10":{"start":{"line":31,"column":24},"end":{"line":31,"column":72}},"11":{"start":{"line":32,"column":2},"end":{"line":32,"column":35}}},"fnMap":{"0":{"name":"RFPercentage","decl":{"start":{"line":4,"column":16},"end":{"line":4,"column":28}},"loc":{"start":{"line":4,"column":38},"end":{"line":17,"column":1}},"line":4},"1":{"name":"RFValue","decl":{"start":{"line":20,"column":16},"end":{"line":20,"column":23}},"loc":{"start":{"line":20,"column":62},"end":{"line":33,"column":1}},"line":20}},"branchMap":{"0":{"loc":{"start":{"line":6,"column":25},"end":{"line":6,"column":56}},"type":"cond-expr","locations":[{"start":{"line":6,"column":42},"end":{"line":6,"column":47}},{"start":{"line":6,"column":50},"end":{"line":6,"column":56}}],"line":6},"1":{"loc":{"start":{"line":8,"column":4},"end":{"line":8,"column":77}},"type":"cond-expr","locations":[{"start":{"line":8,"column":21},"end":{"line":8,"column":22}},{"start":{"line":8,"column":25},"end":{"line":8,"column":77}}],"line":8},"2":{"loc":{"start":{"line":8,"column":25},"end":{"line":8,"column":77}},"type":"cond-expr","locations":[{"start":{"line":8,"column":49},"end":{"line":8,"column":51}},{"start":{"line":8,"column":54},"end":{"line":8,"column":77}}],"line":8},"3":{"loc":{"start":{"line":11,"column":4},"end":{"line":13,"column":22}},"type":"cond-expr","locations":[{"start":{"line":12,"column":8},"end":{"line":12,"column":31}},{"start":{"line":13,"column":8},"end":{"line":13,"column":22}}],"line":11},"4":{"loc":{"start":{"line":11,"column":4},"end":{"line":11,"column":44}},"type":"binary-expr","locations":[{"start":{"line":11,"column":4},"end":{"line":11,"column":15}},{"start":{"line":11,"column":19},"end":{"line":11,"column":44}}],"line":11},"5":{"loc":{"start":{"line":20,"column":34},"end":{"line":20,"column":60}},"type":"default-arg","locations":[{"start":{"line":20,"column":57},"end":{"line":20,"column":60}}],"line":20},"6":{"loc":{"start":{"line":22,"column":25},"end":{"line":22,"column":56}},"type":"cond-expr","locations":[{"start":{"line":22,"column":42},"end":{"line":22,"column":47}},{"start":{"line":22,"column":50},"end":{"line":22,"column":56}}],"line":22},"7":{"loc":{"start":{"line":24,"column":4},"end":{"line":24,"column":77}},"type":"cond-expr","locations":[{"start":{"line":24,"column":21},"end":{"line":24,"column":22}},{"start":{"line":24,"column":25},"end":{"line":24,"column":77}}],"line":24},"8":{"loc":{"start":{"line":24,"column":25},"end":{"line":24,"column":77}},"type":"cond-expr","locations":[{"start":{"line":24,"column":49},"end":{"line":24,"column":51}},{"start":{"line":24,"column":54},"end":{"line":24,"column":77}}],"line":24},"9":{"loc":{"start":{"line":27,"column":4},"end":{"line":29,"column":22}},"type":"cond-expr","locations":[{"start":{"line":28,"column":8},"end":{"line":28,"column":31}},{"start":{"line":29,"column":8},"end":{"line":29,"column":22}}],"line":27},"10":{"loc":{"start":{"line":27,"column":4},"end":{"line":27,"column":44}},"type":"binary-expr","locations":[{"start":{"line":27,"column":4},"end":{"line":27,"column":15}},{"start":{"line":27,"column":19},"end":{"line":27,"column":44}}],"line":27}},"s":{"0":4,"1":4,"2":4,"3":4,"4":4,"5":4,"6":4,"7":4,"8":4,"9":4,"10":4,"11":4},"f":{"0":4,"1":4},"b":{"0":[1,3],"1":[1,3],"2":[2,1],"3":[3,1],"4":[4,1],"5":[4],"6":[1,3],"7":[1,3],"8":[2,1],"9":[3,1],"10":[4,1]},"_coverageSchema":"1a1c01bbd47fc00a2c39e90264f33305004495a9","hash":"b99fbfdbcbae985f537bac6cfb4eaaeaf90352ae"}
}
