TN:
SF:index.js
FN:4,RFPercentage
FN:20,RFValue
FNF:2
FNH:2
FNDA:4,RFPercentage
FNDA:4,RFValue
DA:5,4
DA:6,4
DA:8,4
DA:11,4
DA:15,4
DA:16,4
DA:21,4
DA:22,4
DA:24,4
DA:27,4
DA:31,4
DA:32,4
LF:12
LH:12
BRDA:6,0,0,1
BRDA:6,0,1,3
BRDA:8,1,0,1
BRDA:8,1,1,3
BRDA:8,2,0,2
BRDA:8,2,1,1
BRDA:11,3,0,3
BRDA:11,3,1,1
BRDA:11,4,0,4
BRDA:11,4,1,1
BRDA:20,5,0,4
BRDA:22,6,0,1
BRDA:22,6,1,3
BRDA:24,7,0,1
BRDA:24,7,1,3
BRDA:24,8,0,2
BRDA:24,8,1,1
BRDA:27,9,0,3
BRDA:27,9,1,1
BRDA:27,10,0,4
BRDA:27,10,1,1
BRF:21
BRH:21
end_of_record
